0 info it worked if it ends with ok
1 verbose cli [ '/Users/tiffanychan/.nvm/versions/node/v10.22.0/bin/node',
1 verbose cli   '/Users/tiffanychan/.nvm/versions/node/v10.22.0/bin/npm',
1 verbose cli   'run',
1 verbose cli   'react-dev' ]
2 info using npm@6.14.6
3 info using node@v10.22.0
4 verbose config Skipping project config: /Users/tiffanychan/.npmrc. (matches userconfig)
5 verbose stack Error: ENOENT: no such file or directory, open '/Users/tiffanychan/package.json'
6 verbose cwd /Users/tiffanychan/github-fetcher
7 verbose Darwin 19.6.0
8 verbose argv "/Users/tiffanychan/.nvm/versions/node/v10.22.0/bin/node" "/Users/tiffanychan/.nvm/versions/node/v10.22.0/bin/npm" "run" "react-dev"
9 verbose node v10.22.0
10 verbose npm  v6.14.6
11 error code ENOENT
12 error syscall open
13 error path /Users/tiffanychan/package.json
14 error errno -2
15 error enoent ENOENT: no such file or directory, open '/Users/tiffanychan/package.json'
16 error enoent This is related to npm not being able to find a file.
17 verbose exit [ -2, true ]
