0 info it worked if it ends with ok
1 verbose cli [ '/Users/tiffanychan/.nvm/versions/node/v10.22.0/bin/node',
1 verbose cli   '/Users/tiffanychan/.nvm/versions/node/v10.22.0/bin/npm',
1 verbose cli   'run',
1 verbose cli   'react-dev' ]
2 info using npm@6.14.6
3 info using node@v10.22.0
4 verbose stack Error: missing script: react-dev
4 verbose stack     at run (/Users/tiffanychan/.nvm/versions/node/v10.22.0/lib/node_modules/npm/lib/run-script.js:155:19)
4 verbose stack     at /Users/tiffanychan/.nvm/versions/node/v10.22.0/lib/node_modules/npm/lib/run-script.js:63:5
4 verbose stack     at /Users/tiffanychan/.nvm/versions/node/v10.22.0/lib/node_modules/npm/node_modules/read-package-json/read-json.js:116:5
4 verbose stack     at /Users/tiffanychan/.nvm/versions/node/v10.22.0/lib/node_modules/npm/node_modules/read-package-json/read-json.js:436:5
4 verbose stack     at checkBinReferences_ (/Users/tiffanychan/.nvm/versions/node/v10.22.0/lib/node_modules/npm/node_modules/read-package-json/read-json.js:391:45)
4 verbose stack     at final (/Users/tiffanychan/.nvm/versions/node/v10.22.0/lib/node_modules/npm/node_modules/read-package-json/read-json.js:434:3)
4 verbose stack     at then (/Users/tiffanychan/.nvm/versions/node/v10.22.0/lib/node_modules/npm/node_modules/read-package-json/read-json.js:161:5)
4 verbose stack     at ReadFileContext.<anonymous> (/Users/tiffanychan/.nvm/versions/node/v10.22.0/lib/node_modules/npm/node_modules/read-package-json/read-json.js:350:20)
4 verbose stack     at ReadFileContext.callback (/Users/tiffanychan/.nvm/versions/node/v10.22.0/lib/node_modules/npm/node_modules/graceful-fs/graceful-fs.js:123:16)
4 verbose stack     at FSReqWrap.readFileAfterOpen [as oncomplete] (fs.js:237:13)
5 verbose cwd /Users/tiffanychan/github-fetcher
6 verbose Darwin 19.6.0
7 verbose argv "/Users/tiffanychan/.nvm/versions/node/v10.22.0/bin/node" "/Users/tiffanychan/.nvm/versions/node/v10.22.0/bin/npm" "run" "react-dev"
8 verbose node v10.22.0
9 verbose npm  v6.14.6
10 error missing script: react-dev
11 verbose exit [ 1, true ]
